<?xml version="1.0" encoding="UTF-8"?>
<!-- Generated by org.testng.reporters.JUnitReportReporter -->
<testsuite hostname="NE46Rs" failures="0" tests="3" name="testNG_grouping.SignUp_tests" time="0.017" errors="0" timestamp="2024-09-04T16:23:28 IST" skipped="0">
  <testcase classname="testNG_grouping.SignUp_tests" name="signupByEmail" time="0.005"/>
  <system-out/>
  <testcase classname="testNG_grouping.SignUp_tests" name="signupByfacebook" time="0.007"/>
  <system-out/>
  <testcase classname="testNG_grouping.SignUp_tests" name="signupBytwitter" time="0.005"/>
  <system-out/>
</testsuite> <!-- testNG_grouping.SignUp_tests -->
