<?xml version="1.0" encoding="UTF-8"?>
<!-- Generated by org.testng.reporters.JUnitReportReporter -->
<testsuite hostname="NE46Rs" failures="0" tests="3" name="com.testNG.FirstTestCase" time="0.062" errors="0" timestamp="2024-09-02T17:52:17 IST" skipped="0">
  <testcase classname="com.testNG.FirstTestCase" name="openApp" time="0.049"/>
  <system-out/>
  <testcase classname="com.testNG.FirstTestCase" name="Login" time="0.006"/>
  <system-out/>
  <testcase classname="com.testNG.FirstTestCase" name="Logout" time="0.007"/>
  <system-out/>
</testsuite> <!-- com.testNG.FirstTestCase -->
