<?xml version="1.0" encoding="UTF-8"?>
<!-- Generated by org.testng.reporters.JUnitReportReporter -->
<testsuite hostname="NE46Rs" failures="0" tests="2" name="com.testNG.Annotations" time="0.104" errors="0" timestamp="2024-09-02T21:26:35 IST" skipped="0">
  <testcase classname="com.testNG.Annotations" name="search" time="0.060"/>
  <system-out/>
  <testcase classname="com.testNG.Annotations" name="advanceSearch" time="0.044"/>
  <system-out/>
</testsuite> <!-- com.testNG.Annotations -->
