<?xml version="1.0" encoding="UTF-8"?>
<!-- Generated by org.testng.reporters.JUnitReportReporter -->
<testsuite hostname="NE46Rs" failures="0" tests="4" name="com.testNG.OrangeHrmTest" time="40.473" errors="0" timestamp="2024-09-01T16:04:19 IST" skipped="0">
  <testcase classname="com.testNG.OrangeHrmTest" name="openapp" time="29.666"/>
  <system-out/>
  <testcase classname="com.testNG.OrangeHrmTest" name="testlogo" time="5.230"/>
  <system-out/>
  <testcase classname="com.testNG.OrangeHrmTest" name="testlogin" time="4.812"/>
  <system-out/>
  <testcase classname="com.testNG.OrangeHrmTest" name="testlogout" time="0.765"/>
  <system-out/>
</testsuite> <!-- com.testNG.OrangeHrmTest -->
