<?xml version="1.0" encoding="UTF-8"?>
<!-- Generated by org.testng.reporters.JUnitReportReporter -->
<testsuite hostname="NE46Rs" failures="0" tests="3" name="testNG_grouping.Login_tests" time="0.064" errors="0" timestamp="2024-09-04T16:23:28 IST" skipped="0">
  <testcase classname="testNG_grouping.Login_tests" name="logniByEmail" time="0.053"/>
  <system-out/>
  <testcase classname="testNG_grouping.Login_tests" name="loginByfacebook" time="0.005"/>
  <system-out/>
  <testcase classname="testNG_grouping.Login_tests" name="loginBytwitter" time="0.006"/>
  <system-out/>
</testsuite> <!-- testNG_grouping.Login_tests -->
