<?xml version="1.0" encoding="UTF-8"?>
<!-- Generated by org.testng.reporters.JUnitReportReporter -->
<testsuite hostname="NE46Rs" failures="0" tests="2" name="com.testNG.Annotation1" time="0.061" errors="0" timestamp="2024-09-02T22:20:03 IST" skipped="0">
  <testcase classname="com.testNG.Annotation1" name="search" time="0.035"/>
  <system-out/>
  <testcase classname="com.testNG.Annotation1" name="advanceSearch" time="0.026"/>
  <system-out/>
</testsuite> <!-- com.testNG.Annotation1 -->
