<?xml version="1.0" encoding="UTF-8"?>
<!-- Generated by org.testng.reporters.JUnitReportReporter -->
<testsuite hostname="NE46Rs" failures="0" tests="3" name="FirstTestCase" time="0.074" errors="0" timestamp="2024-09-01T14:57:23 IST" skipped="0">
  <testcase classname="FirstTestCase" name="openApp" time="0.051"/>
  <system-out/>
  <testcase classname="FirstTestCase" name="Login" time="0.008"/>
  <system-out/>
  <testcase classname="FirstTestCase" name="Logout" time="0.015"/>
  <system-out/>
</testsuite> <!-- FirstTestCase -->
