<?xml version="1.0" encoding="UTF-8"?>
<!-- Generated by org.testng.reporters.JUnitReportReporter -->
<testsuite hostname="NE46Rs" failures="0" tests="2" name="com.testNG.C2" time="0.019" errors="0" timestamp="2024-09-02T22:59:53 IST" skipped="0">
  <testcase classname="com.testNG.C2" name="xyz" time="0.004"/>
  <system-out/>
  <testcase classname="com.testNG.C2" name="xyz" time="0.015"/>
  <system-out/>
</testsuite> <!-- com.testNG.C2 -->
