<?xml version="1.0" encoding="UTF-8"?>
<!-- Generated by org.testng.reporters.JUnitReportReporter -->
<testsuite hostname="NE46Rs" failures="0" tests="2" name="com.testNG.All_Annotations" time="0.041" errors="0" timestamp="2024-09-04T11:40:46 IST" skipped="0">
  <testcase classname="com.testNG.All_Annotations" name="test1" time="0.029"/>
  <system-out/>
  <testcase classname="com.testNG.All_Annotations" name="test2" time="0.012"/>
  <system-out/>
</testsuite> <!-- com.testNG.All_Annotations -->
