<?xml version="1.0" encoding="UTF-8"?>
<!-- Generated by org.testng.reporters.JUnitReportReporter -->
<testsuite hostname="NE46Rs" failures="0" tests="2" name="testNG_grouping.Payment_tests" time="0.048" errors="0" timestamp="2024-09-04T16:24:19 IST" skipped="0">
  <testcase classname="testNG_grouping.Payment_tests" name="paymentInrupees" time="0.044"/>
  <system-out/>
  <testcase classname="testNG_grouping.Payment_tests" name="paymentIndoller" time="0.004"/>
  <system-out/>
</testsuite> <!-- testNG_grouping.Payment_tests -->
