<?xml version="1.0" encoding="UTF-8"?>
<!-- Generated by org.testng.reporters.JUnitReportReporter -->
<testsuite hostname="NE46Rs" failures="0" tests="3" name="com.testNG.FirstTestCase" time="0.014" errors="0" timestamp="2024-09-01T16:04:19 IST" skipped="0">
  <testcase classname="com.testNG.FirstTestCase" name="openApp" time="0.005"/>
  <system-out/>
  <testcase classname="com.testNG.FirstTestCase" name="Login" time="0.003"/>
  <system-out/>
  <testcase classname="com.testNG.FirstTestCase" name="Logout" time="0.006"/>
  <system-out/>
</testsuite> <!-- com.testNG.FirstTestCase -->
