<?xml version="1.0" encoding="UTF-8"?>
<!-- Generated by org.testng.reporters.JUnitReportReporter -->
<testsuite hostname="NE46Rs" failures="0" tests="9" name="testNG_Parameterization.Parameter_Test" time="11.627" errors="0" timestamp="2024-09-04T22:46:10 IST" skipped="0">
  <testcase classname="testNG_Parameterization.Parameter_Test" name="test_Logo" time="1.247"/>
  <system-out/>
  <testcase classname="testNG_Parameterization.Parameter_Test" name="test_Url" time="0.023"/>
  <system-out/>
  <testcase classname="testNG_Parameterization.Parameter_Test" name="test_Url" time="0.121"/>
  <system-out/>
  <testcase classname="testNG_Parameterization.Parameter_Test" name="test_Url" time="0.038"/>
  <system-out/>
  <testcase classname="testNG_Parameterization.Parameter_Test" name="test_Logo" time="7.914"/>
  <system-out/>
  <testcase classname="testNG_Parameterization.Parameter_Test" name="test_Title" time="0.132"/>
  <system-out/>
  <testcase classname="testNG_Parameterization.Parameter_Test" name="test_Title" time="0.024"/>
  <system-out/>
  <testcase classname="testNG_Parameterization.Parameter_Test" name="test_Title" time="0.061"/>
  <system-out/>
  <testcase classname="testNG_Parameterization.Parameter_Test" name="test_Logo" time="2.067"/>
  <system-out/>
</testsuite> <!-- testNG_Parameterization.Parameter_Test -->
