<?xml version="1.0" encoding="UTF-8"?>
<!-- Generated by org.testng.reporters.JUnitReportReporter -->
<testsuite hostname="NE46Rs" failures="0" tests="2" name="com.testNG.C1" time="0.029" errors="0" timestamp="2024-09-02T22:59:53 IST" skipped="0">
  <testcase classname="com.testNG.C1" name="abc" time="0.024"/>
  <system-out/>
  <testcase classname="com.testNG.C1" name="abc" time="0.005"/>
  <system-out/>
</testsuite> <!-- com.testNG.C1 -->
