<?xml version="1.0" encoding="UTF-8"?>
<!-- Generated by org.testng.reporters.JUnitReportReporter -->
<testsuite hostname="NE46Rs" failures="0" tests="4" name="OrangeHrmTest" time="123.016" errors="0" timestamp="2024-09-01T15:34:10 IST" skipped="0">
  <testcase classname="OrangeHrmTest" name="openapp" time="110.349"/>
  <system-out/>
  <testcase classname="OrangeHrmTest" name="testlogo" time="6.616"/>
  <system-out/>
  <testcase classname="OrangeHrmTest" name="testlogin" time="3.075"/>
  <system-out/>
  <testcase classname="OrangeHrmTest" name="testlogout" time="2.976"/>
  <system-out/>
</testsuite> <!-- OrangeHrmTest -->
